<?xml version="1.0" encoding="UTF-8"?>
<!-- Generated by org.testng.reporters.JUnitReportReporter -->
<testsuite hostname="LAVILUCKYLENOVO" failures="0" tests="2" name="com.DsAlgo.testcases.HomePageTest" time="0.344" errors="0" timestamp="2022-08-20T20:40:59 CDT" skipped="0">
  <testcase classname="com.DsAlgo.testcases.HomePageTest" name="GetStarted" time="0.332"/>
  <system-out/>
  <testcase classname="com.DsAlgo.testcases.HomePageTest" name="verifyHomePageTitleTest" time="0.012"/>
  <system-out/>
</testsuite> <!-- com.DsAlgo.testcases.HomePageTest -->
