<?xml version="1.0" encoding="UTF-8"?>
<!-- Generated by org.testng.reporters.JUnitReportReporter -->
<testsuite hostname="LAVILUCKYLENOVO" failures="0" tests="3" name="com.DsAlgo.testcases.RegisterPageTest" time="5.367" errors="0" timestamp="2022-08-20T20:40:59 CDT" skipped="0">
  <testcase classname="com.DsAlgo.testcases.RegisterPageTest" name="getStarted" time="0.793"/>
  <system-out/>
  <testcase classname="com.DsAlgo.testcases.RegisterPageTest" name="RegisterPage" time="4.501"/>
  <system-out/>
  <testcase classname="com.DsAlgo.testcases.RegisterPageTest" name="Register2" time="0.073"/>
  <system-out/>
</testsuite> <!-- com.DsAlgo.testcases.RegisterPageTest -->
