<?xml version="1.0" encoding="UTF-8"?>
<!-- Generated by org.testng.reporters.JUnitReportReporter -->
<testsuite hostname="LAVILUCKYLENOVO" failures="0" tests="8" name="com.DsAlgo.testcases.QueuePageTest" time="30.959" errors="0" timestamp="2022-08-20T20:40:59 CDT" skipped="0">
  <testcase classname="com.DsAlgo.testcases.QueuePageTest" name="GetStarted" time="0.341"/>
  <system-out/>
  <testcase classname="com.DsAlgo.testcases.QueuePageTest" name="ImplementationofQueueinPython" time="2.362"/>
  <system-out/>
  <testcase classname="com.DsAlgo.testcases.QueuePageTest" name="loadTryHere1" time="5.425"/>
  <system-out/>
  <testcase classname="com.DsAlgo.testcases.QueuePageTest" name="Implementationusingcollectionsdeque" time="6.798"/>
  <system-out/>
  <testcase classname="com.DsAlgo.testcases.QueuePageTest" name="Implementationusingarray" time="6.798"/>
  <system-out/>
  <testcase classname="com.DsAlgo.testcases.QueuePageTest" name="QueueOperations" time="6.747"/>
  <system-out/>
  <testcase classname="com.DsAlgo.testcases.QueuePageTest" name="PracticeQuestions" time="2.235"/>
  <system-out/>
  <testcase classname="com.DsAlgo.testcases.QueuePageTest" name="clickonSignout" time="0.253"/>
  <system-out/>
</testsuite> <!-- com.DsAlgo.testcases.QueuePageTest -->
