<?xml version="1.0" encoding="UTF-8"?>
<!-- Generated by org.testng.reporters.JUnitReportReporter -->
<testsuite hostname="LAVILUCKYLENOVO" failures="0" tests="8" name="com.DsAlgo.testcases.QueuePageTest" time="31.314" errors="0" timestamp="2022-09-20T17:33:34 CDT" skipped="0">
  <testcase classname="com.DsAlgo.testcases.QueuePageTest" name="GetStarted" time="0.296"/>
  <system-out/>
  <testcase classname="com.DsAlgo.testcases.QueuePageTest" name="ImplementationofQueueinPython" time="2.301"/>
  <system-out/>
  <testcase classname="com.DsAlgo.testcases.QueuePageTest" name="loadTryHere1" time="6.079"/>
  <system-out/>
  <testcase classname="com.DsAlgo.testcases.QueuePageTest" name="Implementationusingcollectionsdeque" time="6.702"/>
  <system-out/>
  <testcase classname="com.DsAlgo.testcases.QueuePageTest" name="Implementationusingarray" time="6.688"/>
  <system-out/>
  <testcase classname="com.DsAlgo.testcases.QueuePageTest" name="QueueOperations" time="6.765"/>
  <system-out/>
  <testcase classname="com.DsAlgo.testcases.QueuePageTest" name="PracticeQuestions" time="2.225"/>
  <system-out/>
  <testcase classname="com.DsAlgo.testcases.QueuePageTest" name="clickonSignout" time="0.258"/>
  <system-out/>
</testsuite> <!-- com.DsAlgo.testcases.QueuePageTest -->
