<?xml version="1.0" encoding="UTF-8"?>
<!-- Generated by org.testng.reporters.JUnitReportReporter -->
<testsuite hostname="LAVILUCKYLENOVO" failures="0" tests="3" name="com.DsAlgo.testcases.RegisterPageTest" time="5.357" errors="0" timestamp="2022-09-02T20:05:04 CDT" skipped="0">
  <testcase classname="com.DsAlgo.testcases.RegisterPageTest" name="getStarted" time="0.853"/>
  <system-out/>
  <testcase classname="com.DsAlgo.testcases.RegisterPageTest" name="RegisterPage" time="4.443"/>
  <system-out/>
  <testcase classname="com.DsAlgo.testcases.RegisterPageTest" name="Register2" time="0.061"/>
  <system-out/>
</testsuite> <!-- com.DsAlgo.testcases.RegisterPageTest -->
