<?xml version="1.0" encoding="UTF-8"?>
<!-- Generated by org.testng.reporters.JUnitReportReporter -->
<testsuite hostname="LAVILUCKYLENOVO" failures="0" tests="2" name="com.DsAlgo.testcases.LoginPageTest" time="1.945" errors="0" timestamp="2022-09-20T17:33:34 CDT" skipped="0">
  <testcase classname="com.DsAlgo.testcases.LoginPageTest" name="Singin" time="0.771"/>
  <system-out/>
  <testcase classname="com.DsAlgo.testcases.LoginPageTest" name="loginPage" time="1.174"/>
  <system-out/>
</testsuite> <!-- com.DsAlgo.testcases.LoginPageTest -->
