<?xml version="1.0" encoding="UTF-8"?>
<!-- Generated by org.testng.reporters.JUnitReportReporter -->
<testsuite hostname="LAVILUCKYLENOVO" failures="0" tests="3" name="com.DsAlgo.testcases.RegisterTest" time="0.882" errors="0" timestamp="2022-08-15T20:34:25 CDT" skipped="0">
  <testcase classname="com.DsAlgo.testcases.RegisterTest" name="getStarted" time="0.778"/>
  <system-out/>
  <testcase classname="com.DsAlgo.testcases.RegisterTest" name="RegisterPage" time="0.004"/>
  <system-out/>
  <testcase classname="com.DsAlgo.testcases.RegisterTest" name="Register2" time="0.100"/>
  <system-out/>
</testsuite> <!-- com.DsAlgo.testcases.RegisterTest -->
