<?xml version="1.0" encoding="UTF-8"?>
<!-- Generated by org.testng.reporters.JUnitReportReporter -->
<testsuite hostname="LAVILUCKYLENOVO" failures="0" tests="1" name="com.DsAlgo.testcases.Exceldataprovider" time="0.000" errors="0" timestamp="2022-09-20T17:49:57 CDT" skipped="1">
  <testcase classname="com.DsAlgo.testcases.Exceldataprovider" name="test1" time="0.000">
    <skipped/>
  </testcase> <!-- test1 -->
  <system-out/>
</testsuite> <!-- com.DsAlgo.testcases.Exceldataprovider -->
