<?xml version="1.0" encoding="UTF-8"?>
<!-- Generated by org.testng.reporters.JUnitReportReporter -->
<testsuite hostname="LAVILUCKYLENOVO" failures="0" tests="5" name="com.DsAlgo.testcases.DataStructurePageTest" time="12.404" errors="0" timestamp="2022-09-20T17:49:57 CDT" skipped="0">
  <testcase classname="com.DsAlgo.testcases.DataStructurePageTest" name="GetStarted" time="0.285"/>
  <system-out/>
  <testcase classname="com.DsAlgo.testcases.DataStructurePageTest" name="TimeComplexity" time="2.315"/>
  <system-out/>
  <testcase classname="com.DsAlgo.testcases.DataStructurePageTest" name="PracticeQuestions" time="4.248"/>
  <system-out/>
  <testcase classname="com.DsAlgo.testcases.DataStructurePageTest" name="loadTryHere1" time="5.258"/>
  <system-out/>
  <testcase classname="com.DsAlgo.testcases.DataStructurePageTest" name="clickonSignout" time="0.298"/>
  <system-out/>
</testsuite> <!-- com.DsAlgo.testcases.DataStructurePageTest -->
